<?xml version="1.0" encoding="UTF-8" ?>
<testsuite tests="18" failures="4" name="TestSuite" time="1.081" errors="0" skipped="0">
  <properties>
    <property name="java.runtime.name" value="Java(TM) SE Runtime Environment"/>
    <property name="sun.boot.library.path" value="C:\Program Files\Java\jdk1.8.0_40\jre\bin"/>
    <property name="java.vm.version" value="25.40-b25"/>
    <property name="java.vm.vendor" value="Oracle Corporation"/>
    <property name="java.vendor.url" value="http://java.oracle.com/"/>
    <property name="path.separator" value=";"/>
    <property name="guice.disable.misplaced.annotation.check" value="true"/>
    <property name="java.vm.name" value="Java HotSpot(TM) Client VM"/>
    <property name="file.encoding.pkg" value="sun.io"/>
    <property name="user.script" value=""/>
    <property name="user.country" value="RU"/>
    <property name="sun.java.launcher" value="SUN_STANDARD"/>
    <property name="sun.os.patch.level" value=""/>
    <property name="java.vm.specification.name" value="Java Virtual Machine Specification"/>
    <property name="user.dir" value="D:\автоматзация\MyFirstTestNGProject"/>
    <property name="java.runtime.version" value="1.8.0_40-b26"/>
    <property name="java.awt.graphicsenv" value="sun.awt.Win32GraphicsEnvironment"/>
    <property name="java.endorsed.dirs" value="C:\Program Files\Java\jdk1.8.0_40\jre\lib\endorsed"/>
    <property name="os.arch" value="x86"/>
    <property name="java.io.tmpdir" value="C:\Users\BE2C~1\AppData\Local\Temp\"/>
    <property name="line.separator" value="
"/>
    <property name="java.vm.specification.vendor" value="Oracle Corporation"/>
    <property name="user.variant" value=""/>
    <property name="os.name" value="Windows 7"/>
    <property name="classworlds.conf" value="C:\Tools\apache-maven-3.2.5\bin\..\bin\m2.conf"/>
    <property name="sun.jnu.encoding" value="Cp1251"/>
    <property name="java.library.path" value="C:\Program Files\Java\jdk1.8.0_40\bin;C:\Windows\Sun\Java\bin;C:\Windows\system32;C:\Windows;C:\ProgramData\Oracle\Java\javapath;C:\Tools\apache-maven-3.2.5\bin;C:\ProgramData\Oracle\Java\javapath;C:\Windows\system32;C:\Windows;C:\Windows\System32\Wbem;C:\Windows\System32\WindowsPowerShell\v1.0\;C:\Program Files\TortoiseSVN\bin;C:\Tools;C:\Program Files\Skype\Phone\;D:\автоматзация\meaven\apache-maven-3.3.3\bin;C:\Program Files\Java\jdk1.8.0_40\bin;;."/>
    <property name="java.specification.name" value="Java Platform API Specification"/>
    <property name="java.class.version" value="52.0"/>
    <property name="sun.management.compiler" value="HotSpot Client Compiler"/>
    <property name="os.version" value="6.1"/>
    <property name="user.home" value="C:\Users\Жожа"/>
    <property name="user.timezone" value="Asia/Jerusalem"/>
    <property name="java.awt.printerjob" value="sun.awt.windows.WPrinterJob"/>
    <property name="java.specification.version" value="1.8"/>
    <property name="file.encoding" value="Cp1251"/>
    <property name="user.name" value="Жожа"/>
    <property name="java.class.path" value="C:\Tools\apache-maven-3.2.5\bin\..\boot\plexus-classworlds-2.5.2.jar"/>
    <property name="java.vm.specification.version" value="1.8"/>
    <property name="sun.arch.data.model" value="32"/>
    <property name="java.home" value="C:\Program Files\Java\jdk1.8.0_40\jre"/>
    <property name="sun.java.command" value="org.codehaus.plexus.classworlds.launcher.Launcher site"/>
    <property name="java.specification.vendor" value="Oracle Corporation"/>
    <property name="user.language" value="ru"/>
    <property name="awt.toolkit" value="sun.awt.windows.WToolkit"/>
    <property name="java.vm.info" value="mixed mode, sharing"/>
    <property name="java.version" value="1.8.0_40"/>
    <property name="java.ext.dirs" value="C:\Program Files\Java\jdk1.8.0_40\jre\lib\ext;C:\Windows\Sun\Java\lib\ext"/>
    <property name="sun.boot.class.path" value="C:\Program Files\Java\jdk1.8.0_40\jre\lib\resources.jar;C:\Program Files\Java\jdk1.8.0_40\jre\lib\rt.jar;C:\Program Files\Java\jdk1.8.0_40\jre\lib\sunrsasign.jar;C:\Program Files\Java\jdk1.8.0_40\jre\lib\jsse.jar;C:\Program Files\Java\jdk1.8.0_40\jre\lib\jce.jar;C:\Program Files\Java\jdk1.8.0_40\jre\lib\charsets.jar;C:\Program Files\Java\jdk1.8.0_40\jre\lib\jfr.jar;C:\Program Files\Java\jdk1.8.0_40\jre\classes"/>
    <property name="sun.stderr.encoding" value="cp866"/>
    <property name="java.vendor" value="Oracle Corporation"/>
    <property name="maven.home" value="C:\Tools\apache-maven-3.2.5\bin\.."/>
    <property name="file.separator" value="\"/>
    <property name="java.vendor.url.bug" value="http://bugreport.sun.com/bugreport/"/>
    <property name="sun.cpu.endian" value="little"/>
    <property name="sun.io.unicode.encoding" value="UnicodeLittle"/>
    <property name="sun.stdout.encoding" value="cp866"/>
    <property name="sun.desktop" value="windows"/>
    <property name="sun.cpu.isalist" value="pentium_pro+mmx pentium_pro pentium+mmx pentium i486 i386 i86"/>
  </properties>
  <testcase classname="myApplicationTest.TestNameIDGroup" name="EmployeeTest_A" time="0.01"/>
  <testcase classname="myApplicationTest.TestNameIDGroup" name="EmployeeTest_B" time="0"/>
  <testcase classname="myApplicationTest.TestNameIDGroup" name="EmployeeTest_C" time="0"/>
  <testcase classname="myApplicationTest.TestNameIDGroup" name="EmployeeTest_D" time="0">
    <failure message="expected [1001] but found [100001]" type="java.lang.AssertionError">java.lang.AssertionError: expected [1001] but found [100001]
	at org.testng.Assert.fail(Assert.java:94)
	at org.testng.Assert.failNotSame(Assert.java:492)
	at org.testng.Assert.assertSame(Assert.java:443)
	at org.testng.Assert.assertSame(Assert.java:453)
	at myApplicationTest.TestNameIDGroup.EmployeeTest_D(TestNameIDGroup.java:31)
</failure>
  </testcase>
  <testcase classname="myApplicationTest.TestNameTest1" name="EmployeeTest" time="0">
    <failure message="expected [WillSmitt] but found [Will Smitt]" type="java.lang.AssertionError">java.lang.AssertionError: expected [WillSmitt] but found [Will Smitt]
	at org.testng.Assert.fail(Assert.java:94)
	at org.testng.Assert.failNotEquals(Assert.java:496)
	at org.testng.Assert.assertEquals(Assert.java:125)
	at org.testng.Assert.assertEquals(Assert.java:178)
	at org.testng.Assert.assertEquals(Assert.java:188)
	at myApplicationTest.TestNameTest1.EmployeeTest(TestNameTest1.java:16)
</failure>
  </testcase>
  <testcase classname="myApplicationTest.TestNameTest1" name="testFinished" time="0"/>
  <testcase classname="myApplicationTest.TestNameTest1" name="testStarted" time="0"/>
  <testcase classname="myApplicationTest.TestSuiteAllTests" name="EmployeeTest" time="0"/>
  <testcase classname="myApplicationTest.TestSuiteAllTests" name="EmployeeTest10" time="0"/>
  <testcase classname="myApplicationTest.TestSuiteAllTests" name="EmployeeTest2" time="0"/>
  <testcase classname="myApplicationTest.TestSuiteAllTests" name="EmployeeTest3" time="0"/>
  <testcase classname="myApplicationTest.TestSuiteAllTests" name="EmployeeTest4" time="0"/>
  <testcase classname="myApplicationTest.TestSuiteAllTests" name="EmployeeTest5" time="0">
    <failure message="expected [1001] but found [100001]" type="java.lang.AssertionError">java.lang.AssertionError: expected [1001] but found [100001]
	at org.testng.Assert.fail(Assert.java:94)
	at org.testng.Assert.failNotSame(Assert.java:492)
	at org.testng.Assert.assertSame(Assert.java:443)
	at org.testng.Assert.assertSame(Assert.java:453)
	at myApplicationTest.TestSuiteAllTests.EmployeeTest5(TestSuiteAllTests.java:56)
</failure>
  </testcase>
  <testcase classname="myApplicationTest.TestSuiteAllTests" name="EmployeeTest6" time="0"/>
  <testcase classname="myApplicationTest.TestSuiteAllTests" name="EmployeeTest7" time="0"/>
  <testcase classname="myApplicationTest.TestSuiteAllTests" name="EmployeeTest8" time="0"/>
  <testcase classname="myApplicationTest.TestSuiteAllTests" name="EmployeeTest9" time="0.01">
    <failure message="expected [1000000.0] but found [974.709]" type="java.lang.AssertionError">java.lang.AssertionError: expected [1000000.0] but found [974.709]
	at org.testng.Assert.fail(Assert.java:94)
	at org.testng.Assert.failNotEquals(Assert.java:496)
	at org.testng.Assert.assertEquals(Assert.java:209)
	at org.testng.Assert.assertEquals(Assert.java:222)
	at myApplicationTest.TestSuiteAllTests.EmployeeTest9(TestSuiteAllTests.java:85)
</failure>
  </testcase>
  <testcase classname="myApplicationTest.TestSuiteAllTests" name="waitLongTime" time="1.061"/>
</testsuite>